C:\USERS\144101S\DESKTOP\9BALLS-DIRECTIONAL\DEBUG\MYGRAPHICS.EXE
C:\USERS\144101S\DESKTOP\9BALLS-DIRECTIONAL\DEBUG\MYGRAPHICS.ILK
C:\USERS\144101S\DESKTOP\9BALLS-DIRECTIONAL\DEBUG\MYGRAPHICS.PDB
C:\USERS\144101S\DESKTOP\9BALLS-DIRECTIONAL\MYGRAPHICS\DEBUG\APPLICATION.OBJ
C:\USERS\144101S\DESKTOP\9BALLS-DIRECTIONAL\MYGRAPHICS\DEBUG\CAMERA.OBJ
C:\USERS\144101S\DESKTOP\9BALLS-DIRECTIONAL\MYGRAPHICS\DEBUG\CAMERA2.OBJ
C:\Users\144101S\Desktop\9balls-Directional\MyGraphics\Debug\cl.command.1.tlog
C:\Users\144101S\Desktop\9balls-Directional\MyGraphics\Debug\CL.read.1.tlog
C:\Users\144101S\Desktop\9balls-Directional\MyGraphics\Debug\CL.write.1.tlog
C:\Users\144101S\Desktop\9balls-Directional\MyGraphics\Debug\link.13264.read.1.tlog
C:\Users\144101S\Desktop\9balls-Directional\MyGraphics\Debug\link.13264.write.1.tlog
C:\Users\144101S\Desktop\9balls-Directional\MyGraphics\Debug\link.13264-cvtres.read.1.tlog
C:\Users\144101S\Desktop\9balls-Directional\MyGraphics\Debug\link.13264-cvtres.write.1.tlog
C:\Users\144101S\Desktop\9balls-Directional\MyGraphics\Debug\link.15980.read.1.tlog
C:\Users\144101S\Desktop\9balls-Directional\MyGraphics\Debug\link.15980.write.1.tlog
C:\Users\144101S\Desktop\9balls-Directional\MyGraphics\Debug\link.15980-cvtres.read.1.tlog
C:\Users\144101S\Desktop\9balls-Directional\MyGraphics\Debug\link.15980-cvtres.write.1.tlog
C:\Users\144101S\Desktop\9balls-Directional\MyGraphics\Debug\link.command.1.tlog
C:\Users\144101S\Desktop\9balls-Directional\MyGraphics\Debug\link.read.1.tlog
C:\Users\144101S\Desktop\9balls-Directional\MyGraphics\Debug\link.write.1.tlog
C:\Users\144101S\Desktop\9balls-Directional\MyGraphics\Debug\link-cvtres.read.1.tlog
C:\Users\144101S\Desktop\9balls-Directional\MyGraphics\Debug\link-cvtres.write.1.tlog
C:\USERS\144101S\DESKTOP\9BALLS-DIRECTIONAL\MYGRAPHICS\DEBUG\LOADTGA.OBJ
C:\USERS\144101S\DESKTOP\9BALLS-DIRECTIONAL\MYGRAPHICS\DEBUG\MAIN.OBJ
C:\USERS\144101S\DESKTOP\9BALLS-DIRECTIONAL\MYGRAPHICS\DEBUG\MESH.OBJ
C:\USERS\144101S\DESKTOP\9BALLS-DIRECTIONAL\MYGRAPHICS\DEBUG\MESHBUILDER.OBJ
C:\Users\144101S\Desktop\9balls-Directional\MyGraphics\Debug\mt.command.1.tlog
C:\Users\144101S\Desktop\9balls-Directional\MyGraphics\Debug\mt.read.1.tlog
C:\Users\144101S\Desktop\9balls-Directional\MyGraphics\Debug\mt.write.1.tlog
C:\Users\144101S\Desktop\9balls-Directional\MyGraphics\Debug\MyGraphics.exe.embed.manifest
C:\USERS\144101S\DESKTOP\9BALLS-DIRECTIONAL\MYGRAPHICS\DEBUG\MYGRAPHICS.EXE.EMBED.MANIFEST.RES
C:\USERS\144101S\DESKTOP\9BALLS-DIRECTIONAL\MYGRAPHICS\DEBUG\MYGRAPHICS.EXE.INTERMEDIATE.MANIFEST
C:\Users\144101S\Desktop\9balls-Directional\MyGraphics\Debug\MyGraphics.write.1.tlog
C:\Users\144101S\Desktop\9balls-Directional\MyGraphics\Debug\MyGraphics_manifest.rc
C:\Users\144101S\Desktop\9balls-Directional\MyGraphics\Debug\rc.command.1.tlog
C:\Users\144101S\Desktop\9balls-Directional\MyGraphics\Debug\rc.read.1.tlog
C:\Users\144101S\Desktop\9balls-Directional\MyGraphics\Debug\rc.write.1.tlog
C:\USERS\144101S\DESKTOP\9BALLS-DIRECTIONAL\MYGRAPHICS\DEBUG\SCENE1.OBJ
C:\USERS\144101S\DESKTOP\9BALLS-DIRECTIONAL\MYGRAPHICS\DEBUG\SCENE2.OBJ
C:\USERS\144101S\DESKTOP\9BALLS-DIRECTIONAL\MYGRAPHICS\DEBUG\SCENE3.OBJ
C:\USERS\144101S\DESKTOP\9BALLS-DIRECTIONAL\MYGRAPHICS\DEBUG\SCENE4.OBJ
C:\USERS\144101S\DESKTOP\9BALLS-DIRECTIONAL\MYGRAPHICS\DEBUG\SCENE5.OBJ
C:\USERS\144101S\DESKTOP\9BALLS-DIRECTIONAL\MYGRAPHICS\DEBUG\SCENELIGHT2.OBJ
C:\USERS\144101S\DESKTOP\9BALLS-DIRECTIONAL\MYGRAPHICS\DEBUG\SCENETEXTURE.OBJ
C:\USERS\144101S\DESKTOP\9BALLS-DIRECTIONAL\MYGRAPHICS\DEBUG\SHADER.OBJ
C:\USERS\144101S\DESKTOP\9BALLS-DIRECTIONAL\MYGRAPHICS\DEBUG\UTILITY.OBJ
C:\Users\144101S\Desktop\9balls-Directional\MyGraphics\Debug\vc100.idb
C:\USERS\144101S\DESKTOP\9BALLS-DIRECTIONAL\MYGRAPHICS\DEBUG\VC100.PDB
C:\USERS\ALOYSIUS CHUN\DESKTOP\9BALLS\DEBUG\MYGRAPHICS.EXE
C:\USERS\ALOYSIUS CHUN\DESKTOP\9BALLS\DEBUG\MYGRAPHICS.ILK
C:\USERS\ALOYSIUS CHUN\DESKTOP\9BALLS\DEBUG\MYGRAPHICS.PDB
C:\USERS\ALOYSIUS CHUN\DESKTOP\9BALLS\MYGRAPHICS\DEBUG\APPLICATION.OBJ
C:\USERS\ALOYSIUS CHUN\DESKTOP\9BALLS\MYGRAPHICS\DEBUG\CAMERA.OBJ
C:\USERS\ALOYSIUS CHUN\DESKTOP\9BALLS\MYGRAPHICS\DEBUG\CAMERA2.OBJ
C:\USERS\ALOYSIUS CHUN\DESKTOP\9BALLS\MYGRAPHICS\DEBUG\MAIN.OBJ
C:\USERS\ALOYSIUS CHUN\DESKTOP\9BALLS\MYGRAPHICS\DEBUG\MESH.OBJ
C:\USERS\ALOYSIUS CHUN\DESKTOP\9BALLS\MYGRAPHICS\DEBUG\MESHBUILDER.OBJ
C:\USERS\ALOYSIUS CHUN\DESKTOP\9BALLS\MYGRAPHICS\DEBUG\MYGRAPHICS.EXE.EMBED.MANIFEST
C:\USERS\ALOYSIUS CHUN\DESKTOP\9BALLS\MYGRAPHICS\DEBUG\MYGRAPHICS.EXE.EMBED.MANIFEST.RES
C:\USERS\ALOYSIUS CHUN\DESKTOP\9BALLS\MYGRAPHICS\DEBUG\MYGRAPHICS.EXE.INTERMEDIATE.MANIFEST
C:\USERS\ALOYSIUS CHUN\DESKTOP\9BALLS\MYGRAPHICS\DEBUG\SCENE1.OBJ
C:\USERS\ALOYSIUS CHUN\DESKTOP\9BALLS\MYGRAPHICS\DEBUG\SCENE2.OBJ
C:\USERS\ALOYSIUS CHUN\DESKTOP\9BALLS\MYGRAPHICS\DEBUG\SCENE3.OBJ
C:\USERS\ALOYSIUS CHUN\DESKTOP\9BALLS\MYGRAPHICS\DEBUG\SCENE4.OBJ
C:\USERS\ALOYSIUS CHUN\DESKTOP\9BALLS\MYGRAPHICS\DEBUG\SCENE5.OBJ
C:\USERS\ALOYSIUS CHUN\DESKTOP\9BALLS\MYGRAPHICS\DEBUG\SHADER.OBJ
C:\USERS\ALOYSIUS CHUN\DESKTOP\9BALLS\MYGRAPHICS\DEBUG\UTILITY.OBJ
C:\USERS\ALOYSIUS CHUN\DESKTOP\9BALLS\MYGRAPHICS\DEBUG\VC100.PDB
C:\USERS\ALOYSIUS CHUN\DESKTOP\9BALLS-1\DEBUG\MYGRAPHICS.EXE
C:\USERS\ALOYSIUS CHUN\DESKTOP\9BALLS-1\DEBUG\MYGRAPHICS.ILK
C:\USERS\ALOYSIUS CHUN\DESKTOP\9BALLS-1\DEBUG\MYGRAPHICS.PDB
C:\USERS\ALOYSIUS CHUN\DESKTOP\9BALLS-1\MYGRAPHICS\DEBUG\APPLICATION.OBJ
C:\USERS\ALOYSIUS CHUN\DESKTOP\9BALLS-1\MYGRAPHICS\DEBUG\CAMERA.OBJ
C:\USERS\ALOYSIUS CHUN\DESKTOP\9BALLS-1\MYGRAPHICS\DEBUG\CAMERA2.OBJ
C:\USERS\ALOYSIUS CHUN\DESKTOP\9BALLS-1\MYGRAPHICS\DEBUG\MAIN.OBJ
C:\USERS\ALOYSIUS CHUN\DESKTOP\9BALLS-1\MYGRAPHICS\DEBUG\MESH.OBJ
C:\USERS\ALOYSIUS CHUN\DESKTOP\9BALLS-1\MYGRAPHICS\DEBUG\MESHBUILDER.OBJ
C:\USERS\ALOYSIUS CHUN\DESKTOP\9BALLS-1\MYGRAPHICS\DEBUG\MYGRAPHICS.EXE.EMBED.MANIFEST.RES
C:\USERS\ALOYSIUS CHUN\DESKTOP\9BALLS-1\MYGRAPHICS\DEBUG\MYGRAPHICS.EXE.INTERMEDIATE.MANIFEST
C:\USERS\ALOYSIUS CHUN\DESKTOP\9BALLS-1\MYGRAPHICS\DEBUG\SCENE1.OBJ
C:\USERS\ALOYSIUS CHUN\DESKTOP\9BALLS-1\MYGRAPHICS\DEBUG\SCENE2.OBJ
C:\USERS\ALOYSIUS CHUN\DESKTOP\9BALLS-1\MYGRAPHICS\DEBUG\SCENE3.OBJ
C:\USERS\ALOYSIUS CHUN\DESKTOP\9BALLS-1\MYGRAPHICS\DEBUG\SCENE4.OBJ
C:\USERS\ALOYSIUS CHUN\DESKTOP\9BALLS-1\MYGRAPHICS\DEBUG\SCENE5.OBJ
C:\USERS\ALOYSIUS CHUN\DESKTOP\9BALLS-1\MYGRAPHICS\DEBUG\SCENELIGHT2.OBJ
C:\USERS\ALOYSIUS CHUN\DESKTOP\9BALLS-1\MYGRAPHICS\DEBUG\SHADER.OBJ
C:\USERS\ALOYSIUS CHUN\DESKTOP\9BALLS-1\MYGRAPHICS\DEBUG\UTILITY.OBJ
C:\USERS\ALOYSIUS CHUN\DESKTOP\9BALLS-1\MYGRAPHICS\DEBUG\VC100.PDB
