C:\Users\144101S\Desktop\9balls-Directional\Common\Debug\cl.command.1.tlog
C:\Users\144101S\Desktop\9balls-Directional\Common\Debug\CL.read.1.tlog
C:\Users\144101S\Desktop\9balls-Directional\Common\Debug\CL.write.1.tlog
C:\Users\144101S\Desktop\9balls-Directional\Common\Debug\Common.vcxprojResolveAssemblyReference.cache
C:\Users\144101S\Desktop\9balls-Directional\Common\Debug\Common.write.1.tlog
C:\Users\144101S\Desktop\9balls-Directional\Common\Debug\lib.command.1.tlog
C:\Users\144101S\Desktop\9balls-Directional\Common\Debug\Lib-link.read.1.tlog
C:\Users\144101S\Desktop\9balls-Directional\Common\Debug\Lib-link.write.1.tlog
C:\USERS\144101S\DESKTOP\9BALLS-DIRECTIONAL\COMMON\DEBUG\MATRIXSTACK.OBJ
C:\USERS\144101S\DESKTOP\9BALLS-DIRECTIONAL\COMMON\DEBUG\MTX44.OBJ
C:\USERS\144101S\DESKTOP\9BALLS-DIRECTIONAL\COMMON\DEBUG\TIMER.OBJ
C:\Users\144101S\Desktop\9balls-Directional\Common\Debug\vc100.idb
C:\USERS\144101S\DESKTOP\9BALLS-DIRECTIONAL\COMMON\DEBUG\VC100.PDB
C:\USERS\144101S\DESKTOP\9BALLS-DIRECTIONAL\COMMON\DEBUG\VECTOR3.OBJ
C:\USERS\144101S\DESKTOP\9BALLS-DIRECTIONAL\DEBUG\COMMON.LIB
C:\USERS\ALOYSIUS CHUN\DESKTOP\9BALLS\COMMON\DEBUG\MATRIXSTACK.OBJ
C:\USERS\ALOYSIUS CHUN\DESKTOP\9BALLS\COMMON\DEBUG\MTX44.OBJ
C:\USERS\ALOYSIUS CHUN\DESKTOP\9BALLS\COMMON\DEBUG\TIMER.OBJ
C:\USERS\ALOYSIUS CHUN\DESKTOP\9BALLS\COMMON\DEBUG\VC100.PDB
C:\USERS\ALOYSIUS CHUN\DESKTOP\9BALLS\COMMON\DEBUG\VECTOR3.OBJ
C:\USERS\ALOYSIUS CHUN\DESKTOP\9BALLS\DEBUG\COMMON.LIB
C:\USERS\ALOYSIUS CHUN\DESKTOP\9BALLS-1\COMMON\DEBUG\MATRIXSTACK.OBJ
C:\USERS\ALOYSIUS CHUN\DESKTOP\9BALLS-1\COMMON\DEBUG\MTX44.OBJ
C:\USERS\ALOYSIUS CHUN\DESKTOP\9BALLS-1\COMMON\DEBUG\TIMER.OBJ
C:\USERS\ALOYSIUS CHUN\DESKTOP\9BALLS-1\COMMON\DEBUG\VC100.PDB
C:\USERS\ALOYSIUS CHUN\DESKTOP\9BALLS-1\COMMON\DEBUG\VECTOR3.OBJ
C:\USERS\ALOYSIUS CHUN\DESKTOP\9BALLS-1\DEBUG\COMMON.LIB
