C:\USERS\144101S\DESKTOP\PRACT10\MYGRAPHICS\RELEASE\APPLICATION.OBJ
C:\USERS\144101S\DESKTOP\PRACT10\MYGRAPHICS\RELEASE\CAMERA.OBJ
C:\USERS\144101S\DESKTOP\PRACT10\MYGRAPHICS\RELEASE\CAMERA2.OBJ
C:\USERS\144101S\DESKTOP\PRACT10\MYGRAPHICS\RELEASE\CAMERA3.OBJ
C:\USERS\144101S\DESKTOP\PRACT10\MYGRAPHICS\RELEASE\LOADOBJ.OBJ
C:\USERS\144101S\DESKTOP\PRACT10\MYGRAPHICS\RELEASE\LOADTGA.OBJ
C:\USERS\144101S\DESKTOP\PRACT10\MYGRAPHICS\RELEASE\MAIN.OBJ
C:\USERS\144101S\DESKTOP\PRACT10\MYGRAPHICS\RELEASE\MESH.OBJ
C:\USERS\144101S\DESKTOP\PRACT10\MYGRAPHICS\RELEASE\MESHBUILDER.OBJ
C:\USERS\144101S\DESKTOP\PRACT10\MYGRAPHICS\RELEASE\MYGRAPHICS.EXE.INTERMEDIATE.MANIFEST
C:\USERS\144101S\DESKTOP\PRACT10\MYGRAPHICS\RELEASE\SCENE1.OBJ
C:\USERS\144101S\DESKTOP\PRACT10\MYGRAPHICS\RELEASE\SCENE2.OBJ
C:\USERS\144101S\DESKTOP\PRACT10\MYGRAPHICS\RELEASE\SCENE3.OBJ
C:\USERS\144101S\DESKTOP\PRACT10\MYGRAPHICS\RELEASE\SCENE4.OBJ
C:\USERS\144101S\DESKTOP\PRACT10\MYGRAPHICS\RELEASE\SCENE5.OBJ
C:\USERS\144101S\DESKTOP\PRACT10\MYGRAPHICS\RELEASE\SCENELIGHT2.OBJ
C:\USERS\144101S\DESKTOP\PRACT10\MYGRAPHICS\RELEASE\SCENEMODEL.OBJ
C:\USERS\144101S\DESKTOP\PRACT10\MYGRAPHICS\RELEASE\SCENESKYBOX.OBJ
C:\USERS\144101S\DESKTOP\PRACT10\MYGRAPHICS\RELEASE\SCENETEXTURE.OBJ
C:\USERS\144101S\DESKTOP\PRACT10\MYGRAPHICS\RELEASE\SHADER.OBJ
C:\USERS\144101S\DESKTOP\PRACT10\MYGRAPHICS\RELEASE\UTILITY.OBJ
C:\USERS\144101S\DESKTOP\PRACT10\MYGRAPHICS\RELEASE\VC100.PDB
C:\USERS\144101S\DESKTOP\PRACT10\RELEASE\MYGRAPHICS.EXE
C:\USERS\144101S\DESKTOP\PRACT10\RELEASE\MYGRAPHICS.PDB
C:\USERS\ALOYSIUS CHUN\DESKTOP\COMG_ASSIGNMENT3\MYGRAPHICS\RELEASE\APPLICATION.OBJ
C:\USERS\ALOYSIUS CHUN\DESKTOP\COMG_ASSIGNMENT3\MYGRAPHICS\RELEASE\CAMERA.OBJ
C:\USERS\ALOYSIUS CHUN\DESKTOP\COMG_ASSIGNMENT3\MYGRAPHICS\RELEASE\CAMERA2.OBJ
C:\USERS\ALOYSIUS CHUN\DESKTOP\COMG_ASSIGNMENT3\MYGRAPHICS\RELEASE\CAMERA3.OBJ
C:\USERS\ALOYSIUS CHUN\DESKTOP\COMG_ASSIGNMENT3\MYGRAPHICS\RELEASE\LOADOBJ.OBJ
C:\USERS\ALOYSIUS CHUN\DESKTOP\COMG_ASSIGNMENT3\MYGRAPHICS\RELEASE\LOADTGA.OBJ
C:\USERS\ALOYSIUS CHUN\DESKTOP\COMG_ASSIGNMENT3\MYGRAPHICS\RELEASE\MAIN.OBJ
C:\USERS\ALOYSIUS CHUN\DESKTOP\COMG_ASSIGNMENT3\MYGRAPHICS\RELEASE\MESH.OBJ
C:\USERS\ALOYSIUS CHUN\DESKTOP\COMG_ASSIGNMENT3\MYGRAPHICS\RELEASE\MESHBUILDER.OBJ
C:\USERS\ALOYSIUS CHUN\DESKTOP\COMG_ASSIGNMENT3\MYGRAPHICS\RELEASE\MYGRAPHICS.EXE.INTERMEDIATE.MANIFEST
C:\USERS\ALOYSIUS CHUN\DESKTOP\COMG_ASSIGNMENT3\MYGRAPHICS\RELEASE\SCENE1.OBJ
C:\USERS\ALOYSIUS CHUN\DESKTOP\COMG_ASSIGNMENT3\MYGRAPHICS\RELEASE\SCENE2.OBJ
C:\USERS\ALOYSIUS CHUN\DESKTOP\COMG_ASSIGNMENT3\MYGRAPHICS\RELEASE\SCENE3.OBJ
C:\USERS\ALOYSIUS CHUN\DESKTOP\COMG_ASSIGNMENT3\MYGRAPHICS\RELEASE\SCENE4.OBJ
C:\USERS\ALOYSIUS CHUN\DESKTOP\COMG_ASSIGNMENT3\MYGRAPHICS\RELEASE\SCENE5.OBJ
C:\USERS\ALOYSIUS CHUN\DESKTOP\COMG_ASSIGNMENT3\MYGRAPHICS\RELEASE\SCENELIGHT2.OBJ
C:\USERS\ALOYSIUS CHUN\DESKTOP\COMG_ASSIGNMENT3\MYGRAPHICS\RELEASE\SCENEMODEL.OBJ
C:\USERS\ALOYSIUS CHUN\DESKTOP\COMG_ASSIGNMENT3\MYGRAPHICS\RELEASE\SCENESKYBOX.OBJ
C:\USERS\ALOYSIUS CHUN\DESKTOP\COMG_ASSIGNMENT3\MYGRAPHICS\RELEASE\SCENETEXT.OBJ
C:\USERS\ALOYSIUS CHUN\DESKTOP\COMG_ASSIGNMENT3\MYGRAPHICS\RELEASE\SCENETEXTURE.OBJ
C:\USERS\ALOYSIUS CHUN\DESKTOP\COMG_ASSIGNMENT3\MYGRAPHICS\RELEASE\SHADER.OBJ
C:\USERS\ALOYSIUS CHUN\DESKTOP\COMG_ASSIGNMENT3\MYGRAPHICS\RELEASE\UTILITY.OBJ
C:\USERS\ALOYSIUS CHUN\DESKTOP\COMG_ASSIGNMENT3\MYGRAPHICS\RELEASE\VC100.PDB
C:\USERS\ALOYSIUS CHUN\DESKTOP\COMG_ASSIGNMENT3\RELEASE\MYGRAPHICS.EXE
C:\USERS\ALOYSIUS CHUN\DESKTOP\COMG_ASSIGNMENT3\RELEASE\MYGRAPHICS.PDB
C:\USERS\ALOYSIUS CHUN\DESKTOP\SP2\SP2_FRAMEWORK\MYGRAPHICS\RELEASE\APPLICATION.OBJ
C:\USERS\ALOYSIUS CHUN\DESKTOP\SP2\SP2_FRAMEWORK\MYGRAPHICS\RELEASE\CAMERA.OBJ
C:\USERS\ALOYSIUS CHUN\DESKTOP\SP2\SP2_FRAMEWORK\MYGRAPHICS\RELEASE\CAMERA2.OBJ
C:\USERS\ALOYSIUS CHUN\DESKTOP\SP2\SP2_FRAMEWORK\MYGRAPHICS\RELEASE\CAMERA3.OBJ
C:\USERS\ALOYSIUS CHUN\DESKTOP\SP2\SP2_FRAMEWORK\MYGRAPHICS\RELEASE\CHARACTER.OBJ
C:\USERS\ALOYSIUS CHUN\DESKTOP\SP2\SP2_FRAMEWORK\MYGRAPHICS\RELEASE\ITEM.OBJ
C:\USERS\ALOYSIUS CHUN\DESKTOP\SP2\SP2_FRAMEWORK\MYGRAPHICS\RELEASE\LOADOBJ.OBJ
C:\USERS\ALOYSIUS CHUN\DESKTOP\SP2\SP2_FRAMEWORK\MYGRAPHICS\RELEASE\LOADTGA.OBJ
C:\USERS\ALOYSIUS CHUN\DESKTOP\SP2\SP2_FRAMEWORK\MYGRAPHICS\RELEASE\MAIN.OBJ
C:\USERS\ALOYSIUS CHUN\DESKTOP\SP2\SP2_FRAMEWORK\MYGRAPHICS\RELEASE\MESH.OBJ
C:\USERS\ALOYSIUS CHUN\DESKTOP\SP2\SP2_FRAMEWORK\MYGRAPHICS\RELEASE\MESHBUILDER.OBJ
C:\USERS\ALOYSIUS CHUN\DESKTOP\SP2\SP2_FRAMEWORK\MYGRAPHICS\RELEASE\MYGRAPHICS.EXE.INTERMEDIATE.MANIFEST
C:\USERS\ALOYSIUS CHUN\DESKTOP\SP2\SP2_FRAMEWORK\MYGRAPHICS\RELEASE\NPC.OBJ
C:\USERS\ALOYSIUS CHUN\DESKTOP\SP2\SP2_FRAMEWORK\MYGRAPHICS\RELEASE\READFROMTEXT.OBJ
C:\USERS\ALOYSIUS CHUN\DESKTOP\SP2\SP2_FRAMEWORK\MYGRAPHICS\RELEASE\RENDERPOS.OBJ
C:\USERS\ALOYSIUS CHUN\DESKTOP\SP2\SP2_FRAMEWORK\MYGRAPHICS\RELEASE\SHADER.OBJ
C:\USERS\ALOYSIUS CHUN\DESKTOP\SP2\SP2_FRAMEWORK\MYGRAPHICS\RELEASE\SP2.OBJ
C:\USERS\ALOYSIUS CHUN\DESKTOP\SP2\SP2_FRAMEWORK\MYGRAPHICS\RELEASE\TROLLEY.OBJ
C:\USERS\ALOYSIUS CHUN\DESKTOP\SP2\SP2_FRAMEWORK\MYGRAPHICS\RELEASE\UTILITY.OBJ
C:\USERS\ALOYSIUS CHUN\DESKTOP\SP2\SP2_FRAMEWORK\MYGRAPHICS\RELEASE\VC100.PDB
C:\USERS\ALOYSIUS CHUN\DESKTOP\SP2\SP2_FRAMEWORK\RELEASE\MYGRAPHICS.EXE
C:\USERS\ALOYSIUS CHUN\DESKTOP\SP2\SP2_FRAMEWORK\RELEASE\MYGRAPHICS.PDB
C:\USERS\ALOYSIUS CHUN\DESKTOP\TEXTURE\MYGRAPHICS\RELEASE\APPLICATION.OBJ
C:\USERS\ALOYSIUS CHUN\DESKTOP\TEXTURE\MYGRAPHICS\RELEASE\CAMERA.OBJ
C:\USERS\ALOYSIUS CHUN\DESKTOP\TEXTURE\MYGRAPHICS\RELEASE\CAMERA2.OBJ
C:\USERS\ALOYSIUS CHUN\DESKTOP\TEXTURE\MYGRAPHICS\RELEASE\CAMERA3.OBJ
C:\USERS\ALOYSIUS CHUN\DESKTOP\TEXTURE\MYGRAPHICS\RELEASE\LOADTGA.OBJ
C:\USERS\ALOYSIUS CHUN\DESKTOP\TEXTURE\MYGRAPHICS\RELEASE\MAIN.OBJ
C:\USERS\ALOYSIUS CHUN\DESKTOP\TEXTURE\MYGRAPHICS\RELEASE\MESH.OBJ
C:\USERS\ALOYSIUS CHUN\DESKTOP\TEXTURE\MYGRAPHICS\RELEASE\MESHBUILDER.OBJ
C:\USERS\ALOYSIUS CHUN\DESKTOP\TEXTURE\MYGRAPHICS\RELEASE\MYGRAPHICS.EXE.INTERMEDIATE.MANIFEST
C:\USERS\ALOYSIUS CHUN\DESKTOP\TEXTURE\MYGRAPHICS\RELEASE\SCENE1.OBJ
C:\USERS\ALOYSIUS CHUN\DESKTOP\TEXTURE\MYGRAPHICS\RELEASE\SCENE2.OBJ
C:\USERS\ALOYSIUS CHUN\DESKTOP\TEXTURE\MYGRAPHICS\RELEASE\SCENE3.OBJ
C:\USERS\ALOYSIUS CHUN\DESKTOP\TEXTURE\MYGRAPHICS\RELEASE\SCENE4.OBJ
C:\USERS\ALOYSIUS CHUN\DESKTOP\TEXTURE\MYGRAPHICS\RELEASE\SCENE5.OBJ
C:\USERS\ALOYSIUS CHUN\DESKTOP\TEXTURE\MYGRAPHICS\RELEASE\SCENELIGHT2.OBJ
C:\USERS\ALOYSIUS CHUN\DESKTOP\TEXTURE\MYGRAPHICS\RELEASE\SCENESKYBOX.OBJ
C:\USERS\ALOYSIUS CHUN\DESKTOP\TEXTURE\MYGRAPHICS\RELEASE\SCENETEXTURE.OBJ
C:\USERS\ALOYSIUS CHUN\DESKTOP\TEXTURE\MYGRAPHICS\RELEASE\SHADER.OBJ
C:\USERS\ALOYSIUS CHUN\DESKTOP\TEXTURE\MYGRAPHICS\RELEASE\UTILITY.OBJ
C:\USERS\ALOYSIUS CHUN\DESKTOP\TEXTURE\MYGRAPHICS\RELEASE\VC100.PDB
C:\USERS\ALOYSIUS CHUN\DESKTOP\TEXTURE\RELEASE\MYGRAPHICS.EXE
C:\USERS\ALOYSIUS CHUN\DESKTOP\TEXTURE\RELEASE\MYGRAPHICS.PDB
C:\USERS\C3POT_000\DESKTOP\NYP WORK\SP2\SP2_FRAMEWORK\MYGRAPHICS\RELEASE\APPLICATION.OBJ
C:\USERS\C3POT_000\DESKTOP\NYP WORK\SP2\SP2_FRAMEWORK\MYGRAPHICS\RELEASE\CAMERA.OBJ
C:\USERS\C3POT_000\DESKTOP\NYP WORK\SP2\SP2_FRAMEWORK\MYGRAPHICS\RELEASE\CAMERA2.OBJ
C:\USERS\C3POT_000\DESKTOP\NYP WORK\SP2\SP2_FRAMEWORK\MYGRAPHICS\RELEASE\CAMERA3.OBJ
C:\USERS\C3POT_000\DESKTOP\NYP WORK\SP2\SP2_FRAMEWORK\MYGRAPHICS\RELEASE\CHARACTER.OBJ
C:\USERS\C3POT_000\DESKTOP\NYP WORK\SP2\SP2_FRAMEWORK\MYGRAPHICS\RELEASE\ITEM.OBJ
C:\USERS\C3POT_000\DESKTOP\NYP WORK\SP2\SP2_FRAMEWORK\MYGRAPHICS\RELEASE\LOADOBJ.OBJ
C:\USERS\C3POT_000\DESKTOP\NYP WORK\SP2\SP2_FRAMEWORK\MYGRAPHICS\RELEASE\LOADTGA.OBJ
C:\USERS\C3POT_000\DESKTOP\NYP WORK\SP2\SP2_FRAMEWORK\MYGRAPHICS\RELEASE\MAIN.OBJ
C:\USERS\C3POT_000\DESKTOP\NYP WORK\SP2\SP2_FRAMEWORK\MYGRAPHICS\RELEASE\MESH.OBJ
C:\USERS\C3POT_000\DESKTOP\NYP WORK\SP2\SP2_FRAMEWORK\MYGRAPHICS\RELEASE\MESHBUILDER.OBJ
C:\USERS\C3POT_000\DESKTOP\NYP WORK\SP2\SP2_FRAMEWORK\MYGRAPHICS\RELEASE\MYGRAPHICS.EXE.INTERMEDIATE.MANIFEST
C:\USERS\C3POT_000\DESKTOP\NYP WORK\SP2\SP2_FRAMEWORK\MYGRAPHICS\RELEASE\NPC.OBJ
C:\USERS\C3POT_000\DESKTOP\NYP WORK\SP2\SP2_FRAMEWORK\MYGRAPHICS\RELEASE\READFROMTEXT.OBJ
C:\USERS\C3POT_000\DESKTOP\NYP WORK\SP2\SP2_FRAMEWORK\MYGRAPHICS\RELEASE\RENDERPOS.OBJ
C:\USERS\C3POT_000\DESKTOP\NYP WORK\SP2\SP2_FRAMEWORK\MYGRAPHICS\RELEASE\SHADER.OBJ
C:\USERS\C3POT_000\DESKTOP\NYP WORK\SP2\SP2_FRAMEWORK\MYGRAPHICS\RELEASE\SP2.OBJ
C:\USERS\C3POT_000\DESKTOP\NYP WORK\SP2\SP2_FRAMEWORK\MYGRAPHICS\RELEASE\TROLLEY.OBJ
C:\USERS\C3POT_000\DESKTOP\NYP WORK\SP2\SP2_FRAMEWORK\MYGRAPHICS\RELEASE\UTILITY.OBJ
C:\USERS\C3POT_000\DESKTOP\NYP WORK\SP2\SP2_FRAMEWORK\MYGRAPHICS\RELEASE\VC100.PDB
C:\USERS\C3POT_000\DESKTOP\NYP WORK\SP2\SP2_FRAMEWORK\RELEASE\MYGRAPHICS.EXE
C:\USERS\C3POT_000\DESKTOP\NYP WORK\SP2\SP2_FRAMEWORK\RELEASE\MYGRAPHICS.PDB
C:\USERS\ENG\DESKTOP\SP2\SP2_FRAMEWORK\MYGRAPHICS\RELEASE\APPLICATION.OBJ
C:\USERS\ENG\DESKTOP\SP2\SP2_FRAMEWORK\MYGRAPHICS\RELEASE\CAMERA.OBJ
C:\USERS\ENG\DESKTOP\SP2\SP2_FRAMEWORK\MYGRAPHICS\RELEASE\CAMERA2.OBJ
C:\USERS\ENG\DESKTOP\SP2\SP2_FRAMEWORK\MYGRAPHICS\RELEASE\CAMERA3.OBJ
C:\USERS\ENG\DESKTOP\SP2\SP2_FRAMEWORK\MYGRAPHICS\RELEASE\CHARACTER.OBJ
C:\USERS\ENG\DESKTOP\SP2\SP2_FRAMEWORK\MYGRAPHICS\RELEASE\ITEM.OBJ
C:\USERS\ENG\DESKTOP\SP2\SP2_FRAMEWORK\MYGRAPHICS\RELEASE\LOADOBJ.OBJ
C:\USERS\ENG\DESKTOP\SP2\SP2_FRAMEWORK\MYGRAPHICS\RELEASE\LOADTGA.OBJ
C:\USERS\ENG\DESKTOP\SP2\SP2_FRAMEWORK\MYGRAPHICS\RELEASE\MAIN.OBJ
C:\USERS\ENG\DESKTOP\SP2\SP2_FRAMEWORK\MYGRAPHICS\RELEASE\MESH.OBJ
C:\USERS\ENG\DESKTOP\SP2\SP2_FRAMEWORK\MYGRAPHICS\RELEASE\MESHBUILDER.OBJ
C:\USERS\ENG\DESKTOP\SP2\SP2_FRAMEWORK\MYGRAPHICS\RELEASE\MYGRAPHICS.EXE.INTERMEDIATE.MANIFEST
C:\USERS\ENG\DESKTOP\SP2\SP2_FRAMEWORK\MYGRAPHICS\RELEASE\NPC.OBJ
C:\USERS\ENG\DESKTOP\SP2\SP2_FRAMEWORK\MYGRAPHICS\RELEASE\READFROMTEXT.OBJ
C:\USERS\ENG\DESKTOP\SP2\SP2_FRAMEWORK\MYGRAPHICS\RELEASE\RENDERPOS.OBJ
C:\USERS\ENG\DESKTOP\SP2\SP2_FRAMEWORK\MYGRAPHICS\RELEASE\SHADER.OBJ
C:\USERS\ENG\DESKTOP\SP2\SP2_FRAMEWORK\MYGRAPHICS\RELEASE\SP2.OBJ
C:\USERS\ENG\DESKTOP\SP2\SP2_FRAMEWORK\MYGRAPHICS\RELEASE\TROLLEY.OBJ
C:\USERS\ENG\DESKTOP\SP2\SP2_FRAMEWORK\MYGRAPHICS\RELEASE\UTILITY.OBJ
C:\USERS\ENG\DESKTOP\SP2\SP2_FRAMEWORK\MYGRAPHICS\RELEASE\VC100.PDB
C:\USERS\ENG\DESKTOP\SP2\SP2_FRAMEWORK\RELEASE\MYGRAPHICS.EXE
C:\USERS\ENG\DESKTOP\SP2\SP2_FRAMEWORK\RELEASE\MYGRAPHICS.PDB
C:\USERS\USER\DESKTOP\SP2\SP2_FRAMEWORK\MYGRAPHICS\RELEASE\APPLICATION.OBJ
C:\USERS\USER\DESKTOP\SP2\SP2_FRAMEWORK\MYGRAPHICS\RELEASE\CAMERA.OBJ
C:\USERS\USER\DESKTOP\SP2\SP2_FRAMEWORK\MYGRAPHICS\RELEASE\CAMERA2.OBJ
C:\USERS\USER\DESKTOP\SP2\SP2_FRAMEWORK\MYGRAPHICS\RELEASE\CAMERA3.OBJ
C:\USERS\USER\DESKTOP\SP2\SP2_FRAMEWORK\MYGRAPHICS\RELEASE\CHARACTER.OBJ
C:\Users\User\Desktop\SP2\SP2_Framework\MyGraphics\Release\cl.command.1.tlog
C:\Users\User\Desktop\SP2\SP2_Framework\MyGraphics\Release\CL.read.1.tlog
C:\Users\User\Desktop\SP2\SP2_Framework\MyGraphics\Release\CL.write.1.tlog
C:\USERS\USER\DESKTOP\SP2\SP2_FRAMEWORK\MYGRAPHICS\RELEASE\ITEM.OBJ
C:\Users\User\Desktop\SP2\SP2_Framework\MyGraphics\Release\link.command.1.tlog
C:\Users\User\Desktop\SP2\SP2_Framework\MyGraphics\Release\link.read.1.tlog
C:\Users\User\Desktop\SP2\SP2_Framework\MyGraphics\Release\link.write.1.tlog
C:\USERS\USER\DESKTOP\SP2\SP2_FRAMEWORK\MYGRAPHICS\RELEASE\LOADOBJ.OBJ
C:\USERS\USER\DESKTOP\SP2\SP2_FRAMEWORK\MYGRAPHICS\RELEASE\LOADTGA.OBJ
C:\USERS\USER\DESKTOP\SP2\SP2_FRAMEWORK\MYGRAPHICS\RELEASE\MAIN.OBJ
C:\USERS\USER\DESKTOP\SP2\SP2_FRAMEWORK\MYGRAPHICS\RELEASE\MESH.OBJ
C:\USERS\USER\DESKTOP\SP2\SP2_FRAMEWORK\MYGRAPHICS\RELEASE\MESHBUILDER.OBJ
C:\Users\User\Desktop\SP2\SP2_Framework\MyGraphics\Release\mt.command.1.tlog
C:\Users\User\Desktop\SP2\SP2_Framework\MyGraphics\Release\mt.read.1.tlog
C:\Users\User\Desktop\SP2\SP2_Framework\MyGraphics\Release\mt.write.1.tlog
C:\USERS\USER\DESKTOP\SP2\SP2_FRAMEWORK\MYGRAPHICS\RELEASE\MYGRAPHICS.EXE.INTERMEDIATE.MANIFEST
C:\Users\User\Desktop\SP2\SP2_Framework\MyGraphics\Release\MyGraphics.write.1.tlog
C:\USERS\USER\DESKTOP\SP2\SP2_FRAMEWORK\MYGRAPHICS\RELEASE\NPC.OBJ
C:\USERS\USER\DESKTOP\SP2\SP2_FRAMEWORK\MYGRAPHICS\RELEASE\READFROMTEXT.OBJ
C:\USERS\USER\DESKTOP\SP2\SP2_FRAMEWORK\MYGRAPHICS\RELEASE\RENDERPOS.OBJ
C:\Users\User\Desktop\SP2\SP2_Framework\MyGraphics\Release\Scene1.obj
C:\Users\User\Desktop\SP2\SP2_Framework\MyGraphics\Release\Scene2.obj
C:\Users\User\Desktop\SP2\SP2_Framework\MyGraphics\Release\Scene3.obj
C:\Users\User\Desktop\SP2\SP2_Framework\MyGraphics\Release\Scene4.obj
C:\Users\User\Desktop\SP2\SP2_Framework\MyGraphics\Release\Scene5.obj
C:\Users\User\Desktop\SP2\SP2_Framework\MyGraphics\Release\SceneLight2.obj
C:\Users\User\Desktop\SP2\SP2_Framework\MyGraphics\Release\SceneModel.obj
C:\Users\User\Desktop\SP2\SP2_Framework\MyGraphics\Release\SceneSkybox.obj
C:\Users\User\Desktop\SP2\SP2_Framework\MyGraphics\Release\SceneText.obj
C:\Users\User\Desktop\SP2\SP2_Framework\MyGraphics\Release\SceneTexture.obj
C:\USERS\USER\DESKTOP\SP2\SP2_FRAMEWORK\MYGRAPHICS\RELEASE\SHADER.OBJ
C:\USERS\USER\DESKTOP\SP2\SP2_FRAMEWORK\MYGRAPHICS\RELEASE\SP2.OBJ
C:\USERS\USER\DESKTOP\SP2\SP2_FRAMEWORK\MYGRAPHICS\RELEASE\TROLLEY.OBJ
C:\USERS\USER\DESKTOP\SP2\SP2_FRAMEWORK\MYGRAPHICS\RELEASE\UTILITY.OBJ
C:\USERS\USER\DESKTOP\SP2\SP2_FRAMEWORK\MYGRAPHICS\RELEASE\VC100.PDB
C:\USERS\USER\DESKTOP\SP2\SP2_FRAMEWORK\RELEASE\MYGRAPHICS.EXE
C:\USERS\USER\DESKTOP\SP2\SP2_FRAMEWORK\RELEASE\MYGRAPHICS.PDB
D:\SP2\SP2_FRAMEWORK\MYGRAPHICS\RELEASE\APPLICATION.OBJ
D:\SP2\SP2_FRAMEWORK\MYGRAPHICS\RELEASE\CAMERA.OBJ
D:\SP2\SP2_FRAMEWORK\MYGRAPHICS\RELEASE\CAMERA2.OBJ
D:\SP2\SP2_FRAMEWORK\MYGRAPHICS\RELEASE\CAMERA3.OBJ
D:\SP2\SP2_FRAMEWORK\MYGRAPHICS\RELEASE\CHARACTER.OBJ
D:\SP2\SP2_FRAMEWORK\MYGRAPHICS\RELEASE\ITEM.OBJ
D:\SP2\SP2_FRAMEWORK\MYGRAPHICS\RELEASE\LOADOBJ.OBJ
D:\SP2\SP2_FRAMEWORK\MYGRAPHICS\RELEASE\LOADTGA.OBJ
D:\SP2\SP2_FRAMEWORK\MYGRAPHICS\RELEASE\MAIN.OBJ
D:\SP2\SP2_FRAMEWORK\MYGRAPHICS\RELEASE\MESH.OBJ
D:\SP2\SP2_FRAMEWORK\MYGRAPHICS\RELEASE\MESHBUILDER.OBJ
D:\SP2\SP2_FRAMEWORK\MYGRAPHICS\RELEASE\MYGRAPHICS.EXE.INTERMEDIATE.MANIFEST
D:\SP2\SP2_FRAMEWORK\MYGRAPHICS\RELEASE\NPC.OBJ
D:\SP2\SP2_FRAMEWORK\MYGRAPHICS\RELEASE\READFROMTEXT.OBJ
D:\SP2\SP2_FRAMEWORK\MYGRAPHICS\RELEASE\RENDERPOS.OBJ
D:\SP2\SP2_FRAMEWORK\MYGRAPHICS\RELEASE\SHADER.OBJ
D:\SP2\SP2_FRAMEWORK\MYGRAPHICS\RELEASE\SP2.OBJ
D:\SP2\SP2_FRAMEWORK\MYGRAPHICS\RELEASE\TROLLEY.OBJ
D:\SP2\SP2_FRAMEWORK\MYGRAPHICS\RELEASE\UTILITY.OBJ
D:\SP2\SP2_FRAMEWORK\MYGRAPHICS\RELEASE\VC100.PDB
D:\SP2\SP2_FRAMEWORK\RELEASE\MYGRAPHICS.EXE
D:\SP2\SP2_FRAMEWORK\RELEASE\MYGRAPHICS.PDB
