C:\USERS\144101S\DESKTOP\PRACT10\COMMON\RELEASE\MATRIXSTACK.OBJ
C:\USERS\144101S\DESKTOP\PRACT10\COMMON\RELEASE\MTX44.OBJ
C:\USERS\144101S\DESKTOP\PRACT10\COMMON\RELEASE\TIMER.OBJ
C:\USERS\144101S\DESKTOP\PRACT10\COMMON\RELEASE\VC100.PDB
C:\USERS\144101S\DESKTOP\PRACT10\COMMON\RELEASE\VECTOR3.OBJ
C:\USERS\144101S\DESKTOP\PRACT10\RELEASE\COMMON.LIB
C:\USERS\ALOYSIUS CHUN\DESKTOP\COMG_ASSIGNMENT3\COMMON\RELEASE\MATRIXSTACK.OBJ
C:\USERS\ALOYSIUS CHUN\DESKTOP\COMG_ASSIGNMENT3\COMMON\RELEASE\MTX44.OBJ
C:\USERS\ALOYSIUS CHUN\DESKTOP\COMG_ASSIGNMENT3\COMMON\RELEASE\TIMER.OBJ
C:\USERS\ALOYSIUS CHUN\DESKTOP\COMG_ASSIGNMENT3\COMMON\RELEASE\VC100.PDB
C:\USERS\ALOYSIUS CHUN\DESKTOP\COMG_ASSIGNMENT3\COMMON\RELEASE\VECTOR3.OBJ
C:\USERS\ALOYSIUS CHUN\DESKTOP\COMG_ASSIGNMENT3\RELEASE\COMMON.LIB
C:\USERS\ALOYSIUS CHUN\DESKTOP\SP2\SP2_FRAMEWORK\COMMON\RELEASE\MATRIXSTACK.OBJ
C:\USERS\ALOYSIUS CHUN\DESKTOP\SP2\SP2_FRAMEWORK\COMMON\RELEASE\MTX44.OBJ
C:\USERS\ALOYSIUS CHUN\DESKTOP\SP2\SP2_FRAMEWORK\COMMON\RELEASE\TIMER.OBJ
C:\USERS\ALOYSIUS CHUN\DESKTOP\SP2\SP2_FRAMEWORK\COMMON\RELEASE\VC100.PDB
C:\USERS\ALOYSIUS CHUN\DESKTOP\SP2\SP2_FRAMEWORK\COMMON\RELEASE\VECTOR3.OBJ
C:\USERS\ALOYSIUS CHUN\DESKTOP\SP2\SP2_FRAMEWORK\RELEASE\COMMON.LIB
C:\USERS\ALOYSIUS CHUN\DESKTOP\TEXTURE\COMMON\RELEASE\MATRIXSTACK.OBJ
C:\USERS\ALOYSIUS CHUN\DESKTOP\TEXTURE\COMMON\RELEASE\MTX44.OBJ
C:\USERS\ALOYSIUS CHUN\DESKTOP\TEXTURE\COMMON\RELEASE\TIMER.OBJ
C:\USERS\ALOYSIUS CHUN\DESKTOP\TEXTURE\COMMON\RELEASE\VC100.PDB
C:\USERS\ALOYSIUS CHUN\DESKTOP\TEXTURE\COMMON\RELEASE\VECTOR3.OBJ
C:\USERS\ALOYSIUS CHUN\DESKTOP\TEXTURE\RELEASE\COMMON.LIB
C:\USERS\C3POT_000\DESKTOP\NYP WORK\SP2\SP2_FRAMEWORK\COMMON\RELEASE\MATRIXSTACK.OBJ
C:\USERS\C3POT_000\DESKTOP\NYP WORK\SP2\SP2_FRAMEWORK\COMMON\RELEASE\MTX44.OBJ
C:\USERS\C3POT_000\DESKTOP\NYP WORK\SP2\SP2_FRAMEWORK\COMMON\RELEASE\TIMER.OBJ
C:\USERS\C3POT_000\DESKTOP\NYP WORK\SP2\SP2_FRAMEWORK\COMMON\RELEASE\VC100.PDB
C:\USERS\C3POT_000\DESKTOP\NYP WORK\SP2\SP2_FRAMEWORK\COMMON\RELEASE\VECTOR3.OBJ
C:\USERS\C3POT_000\DESKTOP\NYP WORK\SP2\SP2_FRAMEWORK\RELEASE\COMMON.LIB
C:\USERS\ENG\DESKTOP\SP2\SP2_FRAMEWORK\COMMON\RELEASE\MATRIXSTACK.OBJ
C:\USERS\ENG\DESKTOP\SP2\SP2_FRAMEWORK\COMMON\RELEASE\MTX44.OBJ
C:\USERS\ENG\DESKTOP\SP2\SP2_FRAMEWORK\COMMON\RELEASE\TIMER.OBJ
C:\USERS\ENG\DESKTOP\SP2\SP2_FRAMEWORK\COMMON\RELEASE\VC100.PDB
C:\USERS\ENG\DESKTOP\SP2\SP2_FRAMEWORK\COMMON\RELEASE\VECTOR3.OBJ
C:\USERS\ENG\DESKTOP\SP2\SP2_FRAMEWORK\RELEASE\COMMON.LIB
C:\Users\User\Desktop\SP2\SP2_Framework\Common\Release\cl.command.1.tlog
C:\Users\User\Desktop\SP2\SP2_Framework\Common\Release\CL.read.1.tlog
C:\Users\User\Desktop\SP2\SP2_Framework\Common\Release\CL.write.1.tlog
C:\Users\User\Desktop\SP2\SP2_Framework\Common\Release\Common.vcxprojResolveAssemblyReference.cache
C:\Users\User\Desktop\SP2\SP2_Framework\Common\Release\Common.write.1.tlog
C:\Users\User\Desktop\SP2\SP2_Framework\Common\Release\lib.command.1.tlog
C:\Users\User\Desktop\SP2\SP2_Framework\Common\Release\Lib-link.read.1.tlog
C:\Users\User\Desktop\SP2\SP2_Framework\Common\Release\Lib-link.write.1.tlog
C:\USERS\USER\DESKTOP\SP2\SP2_FRAMEWORK\COMMON\RELEASE\MATRIXSTACK.OBJ
C:\USERS\USER\DESKTOP\SP2\SP2_FRAMEWORK\COMMON\RELEASE\MTX44.OBJ
C:\USERS\USER\DESKTOP\SP2\SP2_FRAMEWORK\COMMON\RELEASE\TIMER.OBJ
C:\USERS\USER\DESKTOP\SP2\SP2_FRAMEWORK\COMMON\RELEASE\VC100.PDB
C:\USERS\USER\DESKTOP\SP2\SP2_FRAMEWORK\COMMON\RELEASE\VECTOR3.OBJ
C:\USERS\USER\DESKTOP\SP2\SP2_FRAMEWORK\RELEASE\COMMON.LIB
D:\SP2\SP2_FRAMEWORK\COMMON\RELEASE\MATRIXSTACK.OBJ
D:\SP2\SP2_FRAMEWORK\COMMON\RELEASE\MTX44.OBJ
D:\SP2\SP2_FRAMEWORK\COMMON\RELEASE\TIMER.OBJ
D:\SP2\SP2_FRAMEWORK\COMMON\RELEASE\VC100.PDB
D:\SP2\SP2_FRAMEWORK\COMMON\RELEASE\VECTOR3.OBJ
D:\SP2\SP2_FRAMEWORK\RELEASE\COMMON.LIB
