Build started 26/2/2015 3:07:44 PM.
     1>Project "C:\Users\c3pot_000\Desktop\NYP Work\SP2\SP2_Framework\Common\Common.vcxproj" on node 2 (build target(s)).
     1>InitializeBuildStatus:
         Creating "Release\Common.unsuccessfulbuild" because "AlwaysCreate" was specified.
       ClCompile:
         C:\Program Files (x86)\Microsoft Visual Studio 10.0\VC\bin\CL.exe /c /Zi /nologo /W3 /WX- /O2 /Oi /Oy- /GL /D WIN32 /D NDEBUG /D _LIB /D _UNICODE /D UNICODE /Gm- /EHsc /MD /GS /Gy /fp:precise /Zc:wchar_t /Zc:forScope /Fo"Release\\" /Fd"Release\vc100.pdb" /Gd /TP /analyze- /errorReport:prompt Source\MatrixStack.cpp Source\Mtx44.cpp Source\timer.cpp Source\Vector3.cpp
         MatrixStack.cpp
         Mtx44.cpp
         timer.cpp
         Vector3.cpp
       Lib:
         C:\Program Files (x86)\Microsoft Visual Studio 10.0\VC\bin\Lib.exe /OUT:"C:\Users\c3pot_000\Desktop\NYP Work\SP2\SP2_Framework\Release\Common.lib" /NOLOGO /LTCG Release\MatrixStack.obj
         Release\Mtx44.obj
         Release\timer.obj
         Release\Vector3.obj
         Common.vcxproj -> C:\Users\c3pot_000\Desktop\NYP Work\SP2\SP2_Framework\Release\Common.lib
       FinalizeBuildStatus:
         Deleting file "Release\Common.unsuccessfulbuild".
         Touching "Release\Common.lastbuildstate".
     1>Done Building Project "C:\Users\c3pot_000\Desktop\NYP Work\SP2\SP2_Framework\Common\Common.vcxproj" (build target(s)).

Build succeeded.

Time Elapsed 00:00:02.37
